[2025-03-03 12:41:44] -> k
[2025-03-03 12:41:44] -> c
[2025-03-03 12:41:44] -> k
[2025-03-03 12:41:44] -> c
[2025-03-03 12:41:44] -> a
[2025-03-03 12:41:45] -> Key.backspace
[2025-03-03 12:41:45] -> Key.backspace
[2025-03-03 12:41:45] -> Key.backspace
[2025-03-03 12:41:45] -> Key.backspace
[2025-03-03 12:41:46] -> Key.backspace
[2025-03-03 12:41:47] -> z
[2025-03-03 12:41:47] -> c
[2025-03-03 12:41:47] -> n
[2025-03-03 12:41:47] -> d
[2025-03-03 12:41:47] -> Key.backspace
[2025-03-03 12:41:48] -> Key.backspace
[2025-03-03 12:41:48] -> Key.backspace
[2025-03-03 12:41:48] -> Key.backspace
[2025-03-03 12:41:49] -> Key.ctrl_l
[2025-03-03 12:41:50] -> \x03
[2025-03-03 12:41:54] -> Key.ctrl_l
[2025-03-03 12:41:55] -> \x03
[2025-03-03 12:42:04] -> Key.ctrl_l
[2025-03-03 12:42:04] -> \x03
[2025-03-03 12:42:08] -> Key.ctrl_l
[2025-03-03 12:42:08] -> Key.caps_lock
[2025-03-03 12:42:09] -> Key.ctrl_l
[2025-03-03 12:42:09] -> \x03
[2025-03-03 12:43:46] -> k
[2025-03-03 12:43:46] -> n
[2025-03-03 12:43:46] -> v
[2025-03-03 12:43:46] -> s
[2025-03-03 12:43:46] -> d
[2025-03-03 12:43:46] -> b
[2025-03-03 12:43:46] -> v
[2025-03-03 12:43:46] -> d
[2025-03-03 12:43:46] -> k
[2025-03-03 12:43:46] -> s
[2025-03-03 12:43:46] -> d
[2025-03-03 12:43:46] -> v
[2025-03-03 12:43:46] -> k
[2025-03-03 12:43:46] -> j
[2025-03-03 12:43:46] -> d
[2025-03-03 12:43:46] -> b
[2025-03-03 12:43:46] -> v
[2025-03-03 12:43:46] -> k
[2025-03-03 12:43:47] -> Key.ctrl_l
[2025-03-03 12:43:47] -> \x1a
[2025-03-03 12:43:49] -> Key.ctrl_l
[2025-03-03 12:43:50] -> \x03
[2025-03-03 12:43:52] -> Key.caps_lock
[2025-03-03 12:43:52] -> Key.ctrl_l
[2025-03-03 12:43:53] -> \x03
[2025-03-03 12:45:41] -> h
[2025-03-03 12:45:42] -> i
[2025-03-03 12:45:42] -> ,
[2025-03-03 12:45:42] -> Key.space
[2025-03-03 12:45:42] -> h
[2025-03-03 12:45:42] -> e
[2025-03-03 12:45:43] -> l
[2025-03-03 12:45:43] -> l
[2025-03-03 12:45:43] -> o
[2025-03-03 12:45:43] -> ,
[2025-03-03 12:45:44] -> Key.space
[2025-03-03 12:45:44] -> i
[2025-03-03 12:45:44] -> m
[2025-03-03 12:45:44] -> Key.space
[2025-03-03 12:45:44] -> t
[2025-03-03 12:45:45] -> e
[2025-03-03 12:45:45] -> s
[2025-03-03 12:45:45] -> t
[2025-03-03 12:45:45] -> i
[2025-03-03 12:45:45] -> n
[2025-03-03 12:45:45] -> g
[2025-03-03 12:45:46] -> Key.space
[2025-03-03 12:45:46] -> t
[2025-03-03 12:45:46] -> h
[2025-03-03 12:45:46] -> e
[2025-03-03 12:45:46] -> Key.space
[2025-03-03 12:45:47] -> c
[2025-03-03 12:45:47] -> o
[2025-03-03 12:45:47] -> d
[2025-03-03 12:45:47] -> e
[2025-03-03 12:45:51] -> Key.esc
